2026-01-10 12:09:01,275 [INFO] 
==========================================================================================
2026-01-10 12:09:01,275 [INFO] New run started at 2026-01-10T12:09:01.275439
2026-01-10 12:09:01,275 [INFO] Arguments: {'root': '/home/ubuntu/forDataSet/AgriTraj', 'outdir': 'pic', 'max_files_per_dataset': None, 'train_datasets': 'corn,wheat,paddy,tractor', 'grid_size_m': 100.0, 'grid_sizes_m': '50,100,150', 'corn_lat_col': 'latitude', 'corn_lon_col': 'longitude', 'wheat_lat_col': '纬度', 'wheat_lon_col': '经度', 'paddy_lat_col': '纬度', 'paddy_lon_col': '经度', 'tractor_lat_col': 'latitude', 'tractor_lon_col': 'longitude', 'harvest_lat_col': 'lat', 'harvest_lon_col': 'long'}
2026-01-10 12:09:01,275 [INFO] Script dir: /home/ubuntu/Data/haofq/AgroGeoDB-Net
2026-01-10 12:09:01,275 [INFO] Output dir: /home/ubuntu/Data/haofq/AgroGeoDB-Net/pic
2026-01-10 12:09:01,275 [INFO] ==========================================================================================
2026-01-10 12:09:01,275 [INFO] Processing dataset: corn | cols=(latitude,longitude)
2026-01-10 12:10:44,969 [INFO] [corn] files_used=120/120, points=2101793 | bbox: lat[30.576105,46.497041] lon[108.078959,125.882973] | span_km(lat=1770.330, lon=1548.557) area_km2=2741456.662
2026-01-10 12:10:44,969 [INFO] Processing dataset: wheat | cols=(纬度,经度)
2026-01-10 12:11:42,155 [INFO] [wheat] files_used=150/150, points=995946 | bbox: lat[31.544841,41.158003] lon[76.547873,121.425324] | span_km(lat=1068.936, lon=4019.051) area_km2=4296110.060
2026-01-10 12:11:42,156 [INFO] Processing dataset: paddy | cols=(纬度,经度)
2026-01-10 12:11:48,819 [INFO] [paddy] files_used=100/100, points=126602 | bbox: lat[24.576937,45.881059] lon[97.837148,132.853398] | span_km(lat=2368.914, lon=3180.527) area_km2=7534394.526
2026-01-10 12:11:48,819 [INFO] Processing dataset: tractor | cols=(latitude,longitude)
2026-01-10 12:12:41,492 [INFO] [tractor] files_used=60/60, points=1040121 | bbox: lat[19.216051,41.961306] lon[106.695714,126.585120] | span_km(lat=2529.160, lon=1903.843) area_km2=4815124.453
2026-01-10 12:12:41,492 [INFO] Processing dataset: harvest | cols=(lat,long)
2026-01-10 12:13:25,676 [INFO] [harvest] files_used=100/100, points=1152867 | bbox: lat[35.444171,35.704948] lon[116.603403,116.865862] | span_km(lat=28.997, lon=23.737) area_km2=688.310
2026-01-10 12:13:25,678 [INFO] Saved bbox stats CSV -> /home/ubuntu/Data/haofq/AgroGeoDB-Net/pic/spatial_extent_bbox_stats.csv
2026-01-10 12:13:25,761 [INFO] [TRAIN_BBOX] datasets=['corn', 'wheat', 'paddy', 'tractor'] | bbox: lat[19.216051,46.497041] lon[76.547873,132.853398] | area_km2=15954305.146
2026-01-10 12:13:25,761 [INFO] [OVERLAP] corn vs TRAIN | overlap_km2=2741456.662 | overlap/dataset=1.000 | overlap/train=0.172
2026-01-10 12:13:25,761 [INFO] [OVERLAP] wheat vs TRAIN | overlap_km2=4296110.060 | overlap/dataset=1.000 | overlap/train=0.269
2026-01-10 12:13:25,761 [INFO] [OVERLAP] paddy vs TRAIN | overlap_km2=7534394.526 | overlap/dataset=1.000 | overlap/train=0.472
2026-01-10 12:13:25,761 [INFO] [OVERLAP] tractor vs TRAIN | overlap_km2=4815124.453 | overlap/dataset=1.000 | overlap/train=0.302
2026-01-10 12:13:25,762 [INFO] [OVERLAP] harvest vs TRAIN | overlap_km2=688.310 | overlap/dataset=1.000 | overlap/train=0.000
2026-01-10 12:13:25,763 [INFO] Saved overlap CSV -> /home/ubuntu/Data/haofq/AgroGeoDB-Net/pic/spatial_overlap_with_train.csv
2026-01-10 12:13:25,960 [INFO] Saved bbox area bar chart -> /home/ubuntu/Data/haofq/AgroGeoDB-Net/pic/spatial_extent_bbox_bar.pdf
2026-01-10 12:13:25,960 [INFO] === Indicator A (Grid Redundancy) | grid_sizes_m=[50.0, 100.0, 150.0] ===
2026-01-10 12:16:55,593 [INFO] [A][grid=50m][corn] n_traj_used=120 | sum_cells=25502 | unique_cells=22299 | redundancy_A=1.1436
2026-01-10 12:18:51,845 [INFO] [A][grid=50m][wheat] n_traj_used=150 | sum_cells=18592 | unique_cells=17560 | redundancy_A=1.0588
2026-01-10 12:19:05,292 [INFO] [A][grid=50m][paddy] n_traj_used=100 | sum_cells=8378 | unique_cells=7419 | redundancy_A=1.1293
2026-01-10 12:20:51,988 [INFO] [A][grid=50m][tractor] n_traj_used=60 | sum_cells=18694 | unique_cells=13024 | redundancy_A=1.4354
2026-01-10 12:22:21,437 [INFO] [A][grid=50m][harvest] n_traj_used=100 | sum_cells=9134 | unique_cells=6069 | redundancy_A=1.5050
2026-01-10 12:22:21,439 [INFO] Saved Indicator-A CSV (grid=50m) -> /home/ubuntu/Data/haofq/AgroGeoDB-Net/pic/spatial_traj_overlap_A_g50.csv
2026-01-10 12:22:21,532 [INFO] Saved Indicator-A bar chart (grid=50m) -> /home/ubuntu/Data/haofq/AgroGeoDB-Net/pic/spatial_traj_overlap_A_bar_g50.pdf
2026-01-10 12:25:51,036 [INFO] [A][grid=100m][corn] n_traj_used=120 | sum_cells=14467 | unique_cells=12477 | redundancy_A=1.1595
2026-01-10 12:27:48,001 [INFO] [A][grid=100m][wheat] n_traj_used=150 | sum_cells=8203 | unique_cells=7633 | redundancy_A=1.0747
2026-01-10 12:28:01,353 [INFO] [A][grid=100m][paddy] n_traj_used=100 | sum_cells=4344 | unique_cells=3858 | redundancy_A=1.1260
2026-01-10 12:29:49,300 [INFO] [A][grid=100m][tractor] n_traj_used=60 | sum_cells=9107 | unique_cells=6080 | redundancy_A=1.4979
2026-01-10 12:31:19,279 [INFO] [A][grid=100m][harvest] n_traj_used=100 | sum_cells=4161 | unique_cells=2583 | redundancy_A=1.6109
2026-01-10 12:31:19,281 [INFO] Saved Indicator-A CSV (grid=100m) -> /home/ubuntu/Data/haofq/AgroGeoDB-Net/pic/spatial_traj_overlap_A_g100.csv
2026-01-10 12:31:19,408 [INFO] Saved Indicator-A bar chart (grid=100m) -> /home/ubuntu/Data/haofq/AgroGeoDB-Net/pic/spatial_traj_overlap_A_bar_g100.pdf
2026-01-10 12:35:04,652 [INFO] [A][grid=150m][corn] n_traj_used=120 | sum_cells=10267 | unique_cells=8824 | redundancy_A=1.1635
2026-01-10 12:37:07,019 [INFO] [A][grid=150m][wheat] n_traj_used=150 | sum_cells=5108 | unique_cells=4709 | redundancy_A=1.0847
2026-01-10 12:37:21,455 [INFO] [A][grid=150m][paddy] n_traj_used=100 | sum_cells=2906 | unique_cells=2584 | redundancy_A=1.1246
2026-01-10 12:39:09,863 [INFO] [A][grid=150m][tractor] n_traj_used=60 | sum_cells=5953 | unique_cells=3931 | redundancy_A=1.5144
2026-01-10 12:40:41,060 [INFO] [A][grid=150m][harvest] n_traj_used=100 | sum_cells=2644 | unique_cells=1564 | redundancy_A=1.6905
2026-01-10 12:40:41,062 [INFO] Saved Indicator-A CSV (grid=150m) -> /home/ubuntu/Data/haofq/AgroGeoDB-Net/pic/spatial_traj_overlap_A_g150.csv
2026-01-10 12:40:41,158 [INFO] Saved Indicator-A bar chart (grid=150m) -> /home/ubuntu/Data/haofq/AgroGeoDB-Net/pic/spatial_traj_overlap_A_bar_g150.pdf
2026-01-10 12:40:41,159 [INFO] Saved Indicator-A multi-grid CSV -> /home/ubuntu/Data/haofq/AgroGeoDB-Net/pic/spatial_traj_overlap_A_multi.csv
2026-01-10 19:19:39,767 [INFO] 
==========================================================================================
2026-01-10 19:19:39,767 [INFO] New run started at 2026-01-10T19:19:39.767185
2026-01-10 19:19:39,767 [INFO] Arguments: {'root': '/home/ubuntu/forDataSet/AgriTraj', 'outdir': 'pic', 'max_files_per_dataset': None, 'train_datasets': 'corn,wheat,paddy,tractor', 'grid_size_m': 100.0, 'grid_sizes_m': '50,100,150', 'corn_lat_col': 'latitude', 'corn_lon_col': 'longitude', 'wheat_lat_col': '纬度', 'wheat_lon_col': '经度', 'paddy_lat_col': '纬度', 'paddy_lon_col': '经度', 'tractor_lat_col': 'latitude', 'tractor_lon_col': 'longitude', 'harvest_lat_col': 'lat', 'harvest_lon_col': 'long'}
2026-01-10 19:19:39,767 [INFO] Script dir: /home/ubuntu/Data/haofq/AgroGeoDB-Net
2026-01-10 19:19:39,767 [INFO] Output dir: /home/ubuntu/Data/haofq/AgroGeoDB-Net/pic
2026-01-10 19:19:39,767 [INFO] ==========================================================================================
2026-01-10 19:19:39,767 [INFO] Processing dataset: corn | cols=(latitude,longitude)
2026-01-10 19:21:29,487 [INFO] [corn] files_used=120/120, points=2101793 | bbox: lat[30.576105,46.497041] lon[108.078959,125.882973] | span_km(lat=1770.330, lon=1548.557) area_km2=2741456.662
2026-01-10 19:21:29,487 [INFO] Processing dataset: wheat | cols=(纬度,经度)
2026-01-10 19:22:32,529 [INFO] [wheat] files_used=150/150, points=995946 | bbox: lat[31.544841,41.158003] lon[76.547873,121.425324] | span_km(lat=1068.936, lon=4019.051) area_km2=4296110.060
2026-01-10 19:22:32,529 [INFO] Processing dataset: paddy | cols=(纬度,经度)
2026-01-10 19:22:39,758 [INFO] [paddy] files_used=100/100, points=126602 | bbox: lat[24.576937,45.881059] lon[97.837148,132.853398] | span_km(lat=2368.914, lon=3180.527) area_km2=7534394.526
2026-01-10 19:22:39,759 [INFO] Processing dataset: tractor | cols=(latitude,longitude)
2026-01-10 19:23:35,888 [INFO] [tractor] files_used=60/60, points=1040121 | bbox: lat[19.216051,41.961306] lon[106.695714,126.585120] | span_km(lat=2529.160, lon=1903.843) area_km2=4815124.453
2026-01-10 19:23:35,889 [INFO] Processing dataset: harvest | cols=(lat,long)
2026-01-10 19:24:20,995 [INFO] [harvest] files_used=100/100, points=1152867 | bbox: lat[35.444171,35.704948] lon[116.603403,116.865862] | span_km(lat=28.997, lon=23.737) area_km2=688.310
2026-01-10 19:24:20,997 [INFO] Saved bbox stats CSV -> /home/ubuntu/Data/haofq/AgroGeoDB-Net/pic/spatial_extent_bbox_stats.csv
2026-01-10 19:24:21,080 [INFO] [TRAIN_BBOX] datasets=['corn', 'wheat', 'paddy', 'tractor'] | bbox: lat[19.216051,46.497041] lon[76.547873,132.853398] | area_km2=15954305.146
2026-01-10 19:24:21,081 [INFO] [OVERLAP] corn vs TRAIN | overlap_km2=2741456.662 | overlap/dataset=1.000 | overlap/train=0.172
2026-01-10 19:24:21,081 [INFO] [OVERLAP] wheat vs TRAIN | overlap_km2=4296110.060 | overlap/dataset=1.000 | overlap/train=0.269
2026-01-10 19:24:21,081 [INFO] [OVERLAP] paddy vs TRAIN | overlap_km2=7534394.526 | overlap/dataset=1.000 | overlap/train=0.472
2026-01-10 19:24:21,081 [INFO] [OVERLAP] tractor vs TRAIN | overlap_km2=4815124.453 | overlap/dataset=1.000 | overlap/train=0.302
2026-01-10 19:24:21,081 [INFO] [OVERLAP] harvest vs TRAIN | overlap_km2=688.310 | overlap/dataset=1.000 | overlap/train=0.000
2026-01-10 19:24:21,082 [INFO] Saved overlap CSV -> /home/ubuntu/Data/haofq/AgroGeoDB-Net/pic/spatial_overlap_with_train.csv
2026-01-10 19:24:21,280 [INFO] Saved bbox area bar chart -> /home/ubuntu/Data/haofq/AgroGeoDB-Net/pic/spatial_extent_bbox_bar.pdf
2026-01-10 19:24:21,280 [INFO] === Indicator A (Grid Redundancy) | grid_sizes_m=[50.0, 100.0, 150.0] ===
2026-01-10 19:27:53,632 [INFO] [A][grid=50m][corn] n_traj_used=120 | sum_cells=25502 | unique_cells=22299 | redundancy_A=1.1436
2026-01-10 19:29:52,230 [INFO] [A][grid=50m][wheat] n_traj_used=150 | sum_cells=18592 | unique_cells=17560 | redundancy_A=1.0588
2026-01-10 19:30:06,065 [INFO] [A][grid=50m][paddy] n_traj_used=100 | sum_cells=8378 | unique_cells=7419 | redundancy_A=1.1293
2026-01-10 19:31:57,233 [INFO] [A][grid=50m][tractor] n_traj_used=60 | sum_cells=18694 | unique_cells=13024 | redundancy_A=1.4354
2026-01-10 19:33:28,200 [INFO] [A][grid=50m][harvest] n_traj_used=100 | sum_cells=9134 | unique_cells=6069 | redundancy_A=1.5050
2026-01-10 19:33:28,202 [INFO] Saved Indicator-A CSV (grid=50m) -> /home/ubuntu/Data/haofq/AgroGeoDB-Net/pic/spatial_traj_overlap_A_g50.csv
2026-01-10 19:33:28,291 [INFO] Saved Indicator-A bar chart (grid=50m) -> /home/ubuntu/Data/haofq/AgroGeoDB-Net/pic/spatial_traj_overlap_A_bar_g50.pdf
2026-01-10 19:37:01,705 [INFO] [A][grid=100m][corn] n_traj_used=120 | sum_cells=14467 | unique_cells=12477 | redundancy_A=1.1595
2026-01-10 19:39:00,186 [INFO] [A][grid=100m][wheat] n_traj_used=150 | sum_cells=8203 | unique_cells=7633 | redundancy_A=1.0747
2026-01-10 19:39:14,338 [INFO] [A][grid=100m][paddy] n_traj_used=100 | sum_cells=4344 | unique_cells=3858 | redundancy_A=1.1260
2026-01-10 19:41:05,732 [INFO] [A][grid=100m][tractor] n_traj_used=60 | sum_cells=9107 | unique_cells=6080 | redundancy_A=1.4979
2026-01-10 19:42:36,651 [INFO] [A][grid=100m][harvest] n_traj_used=100 | sum_cells=4161 | unique_cells=2583 | redundancy_A=1.6109
2026-01-10 19:42:36,652 [INFO] Saved Indicator-A CSV (grid=100m) -> /home/ubuntu/Data/haofq/AgroGeoDB-Net/pic/spatial_traj_overlap_A_g100.csv
2026-01-10 19:42:36,768 [INFO] Saved Indicator-A bar chart (grid=100m) -> /home/ubuntu/Data/haofq/AgroGeoDB-Net/pic/spatial_traj_overlap_A_bar_g100.pdf
2026-01-10 19:46:10,089 [INFO] [A][grid=150m][corn] n_traj_used=120 | sum_cells=10267 | unique_cells=8824 | redundancy_A=1.1635
2026-01-10 19:48:08,794 [INFO] [A][grid=150m][wheat] n_traj_used=150 | sum_cells=5108 | unique_cells=4709 | redundancy_A=1.0847
2026-01-10 19:48:22,876 [INFO] [A][grid=150m][paddy] n_traj_used=100 | sum_cells=2906 | unique_cells=2584 | redundancy_A=1.1246
2026-01-10 19:50:15,149 [INFO] [A][grid=150m][tractor] n_traj_used=60 | sum_cells=5953 | unique_cells=3931 | redundancy_A=1.5144
2026-01-10 19:51:47,011 [INFO] [A][grid=150m][harvest] n_traj_used=100 | sum_cells=2644 | unique_cells=1564 | redundancy_A=1.6905
2026-01-10 19:51:47,012 [INFO] Saved Indicator-A CSV (grid=150m) -> /home/ubuntu/Data/haofq/AgroGeoDB-Net/pic/spatial_traj_overlap_A_g150.csv
2026-01-10 19:51:47,107 [INFO] Saved Indicator-A bar chart (grid=150m) -> /home/ubuntu/Data/haofq/AgroGeoDB-Net/pic/spatial_traj_overlap_A_bar_g150.pdf
2026-01-10 19:51:47,108 [INFO] Saved Indicator-A multi-grid CSV -> /home/ubuntu/Data/haofq/AgroGeoDB-Net/pic/spatial_traj_overlap_A_multi.csv
